<?xml version="1.0" encoding="UTF-8"?>
<!-- Generated by org.testng.reporters.JUnitXMLReporter -->
<testsuite ignored="0" hostname="ERMINA-PRECISION" failures="0" tests="3" name="Default test" time="9.481" errors="0" timestamp="2023-04-18T20:22:51 PDT">
  <testcase classname="demoblaze.DemoBlazeProject" name="testLogin" time="2.88"/>
  <testcase classname="demoblaze.DemoBlazeProject" name="testAddToCart" time="2.317"/>
  <testcase classname="demoblaze.DemoBlazeProject" name="testPlaceOrder" time="2.942"/>
</testsuite> <!-- Default test -->
