<?xml version="1.0" encoding="UTF-8"?>
<!-- Generated by org.testng.reporters.JUnitXMLReporter -->
<testsuite ignored="0" hostname="ERMINA-PRECISION" failures="0" tests="3" name="DemoBlaze Test" time="9.491" errors="0" timestamp="2023-04-18T04:09:37 PDT">
  <testcase classname="demoblaze.DemoBlazeProject" name="testLogin" time="2.821"/>
  <testcase classname="demoblaze.DemoBlazeProject" name="testAddToCart" time="2.345"/>
  <testcase classname="demoblaze.DemoBlazeProject" name="testPlaceOrder" time="3.005"/>
</testsuite> <!-- DemoBlaze Test -->
