<?xml version="1.0" encoding="UTF-8"?>
<!-- Generated by org.testng.reporters.JUnitXMLReporter -->
<testsuite ignored="0" hostname="ERMINA-PRECISION" failures="0" tests="3" name="DemoBlaze Test" time="9.448" errors="0" timestamp="2023-04-10T18:08:46 PDT">
  <testcase classname="demoblaze.DemoBlazeProject" name="testLogin" time="2.861"/>
  <testcase classname="demoblaze.DemoBlazeProject" name="testAddToCart" time="2.329"/>
  <testcase classname="demoblaze.DemoBlazeProject" name="testPlaceOrder" time="3.02"/>
</testsuite> <!-- DemoBlaze Test -->
