<?xml version="1.0" encoding="UTF-8"?>
<!-- Generated by org.testng.reporters.JUnitXMLReporter -->
<testsuite ignored="0" hostname="ERMINA-PRECISION" failures="0" tests="3" name="Test" time="9.368" errors="0" timestamp="2023-04-10T18:07:38 PDT">
  <testcase classname="demoblaze.DemoBlazeProject" name="testLogin" time="2.832"/>
  <testcase classname="demoblaze.DemoBlazeProject" name="testAddToCart" time="2.34"/>
  <testcase classname="demoblaze.DemoBlazeProject" name="testPlaceOrder" time="2.902"/>
</testsuite> <!-- Test -->
