<?xml version="1.0" encoding="UTF-8"?>
<testng-results ignored="0" total="3" passed="3" failed="0" skipped="0">
  <reporter-output>
  </reporter-output>
  <suite started-at="2023-04-10T18:08:37 PDT" name="Suite" finished-at="2023-04-10T18:08:46 PDT" duration-ms="9448">
    <groups>
    </groups>
    <test started-at="2023-04-10T18:08:37 PDT" name="DemoBlaze Test" finished-at="2023-04-10T18:08:46 PDT" duration-ms="9448">
      <class name="demoblaze.DemoBlazeProject">
        <test-method is-config="true" signature="setUp()[pri:0, instance:demoblaze.DemoBlazeProject@1dde4cb2]" started-at="2023-04-10T18:08:37 PDT" name="setUp" finished-at="2023-04-10T18:08:38 PDT" duration-ms="1105" status="PASS">
          <reporter-output>
          </reporter-output>
        </test-method> <!-- setUp -->
        <test-method signature="testLogin()[pri:1, instance:demoblaze.DemoBlazeProject@1dde4cb2]" started-at="2023-04-10T18:08:38 PDT" name="testLogin" finished-at="2023-04-10T18:08:41 PDT" duration-ms="2861" status="PASS">
          <reporter-output>
          </reporter-output>
        </test-method> <!-- testLogin -->
        <test-method signature="testAddToCart()[pri:2, instance:demoblaze.DemoBlazeProject@1dde4cb2]" started-at="2023-04-10T18:08:41 PDT" name="testAddToCart" finished-at="2023-04-10T18:08:43 PDT" duration-ms="2329" status="PASS">
          <reporter-output>
          </reporter-output>
        </test-method> <!-- testAddToCart -->
        <test-method signature="testPlaceOrder()[pri:3, instance:demoblaze.DemoBlazeProject@1dde4cb2]" started-at="2023-04-10T18:08:43 PDT" name="testPlaceOrder" finished-at="2023-04-10T18:08:46 PDT" duration-ms="3020" status="PASS">
          <reporter-output>
          </reporter-output>
        </test-method> <!-- testPlaceOrder -->
        <test-method is-config="true" signature="closeBrowser()[pri:0, instance:demoblaze.DemoBlazeProject@1dde4cb2]" started-at="2023-04-10T18:08:46 PDT" name="closeBrowser" finished-at="2023-04-10T18:08:46 PDT" duration-ms="112" status="PASS">
          <reporter-output>
          </reporter-output>
        </test-method> <!-- closeBrowser -->
      </class> <!-- demoblaze.DemoBlazeProject -->
    </test> <!-- DemoBlaze Test -->
  </suite> <!-- Suite -->
</testng-results>
