<?xml version="1.0" encoding="UTF-8"?>
<testng-results ignored="0" total="3" passed="3" failed="0" skipped="0">
  <reporter-output>
  </reporter-output>
  <suite started-at="2023-04-18T21:13:04 PDT" name="Default suite" finished-at="2023-04-18T21:13:16 PDT" duration-ms="12648">
    <groups>
    </groups>
    <test started-at="2023-04-18T21:13:04 PDT" name="Default test" finished-at="2023-04-18T21:13:16 PDT" duration-ms="12648">
      <class name="demoblaze.DemoBlazeProject">
        <test-method is-config="true" signature="setUp()[pri:0, instance:demoblaze.DemoBlazeProject@479d31f3]" started-at="2023-04-18T21:13:04 PDT" name="setUp" finished-at="2023-04-18T21:13:05 PDT" duration-ms="1767" status="PASS">
          <reporter-output>
          </reporter-output>
        </test-method> <!-- setUp -->
        <test-method signature="testLogin()[pri:1, instance:demoblaze.DemoBlazeProject@479d31f3]" started-at="2023-04-18T21:13:05 PDT" name="testLogin" finished-at="2023-04-18T21:13:11 PDT" duration-ms="5572" status="PASS">
          <reporter-output>
          </reporter-output>
        </test-method> <!-- testLogin -->
        <test-method signature="testAddToCart()[pri:2, instance:demoblaze.DemoBlazeProject@479d31f3]" started-at="2023-04-18T21:13:11 PDT" name="testAddToCart" finished-at="2023-04-18T21:13:13 PDT" duration-ms="2292" status="PASS">
          <reporter-output>
          </reporter-output>
        </test-method> <!-- testAddToCart -->
        <test-method signature="testPlaceOrder()[pri:3, instance:demoblaze.DemoBlazeProject@479d31f3]" started-at="2023-04-18T21:13:13 PDT" name="testPlaceOrder" finished-at="2023-04-18T21:13:16 PDT" duration-ms="2926" status="PASS">
          <reporter-output>
          </reporter-output>
        </test-method> <!-- testPlaceOrder -->
        <test-method is-config="true" signature="closeBrowser()[pri:0, instance:demoblaze.DemoBlazeProject@479d31f3]" started-at="2023-04-18T21:13:16 PDT" name="closeBrowser" finished-at="2023-04-18T21:13:16 PDT" duration-ms="64" status="PASS">
          <reporter-output>
          </reporter-output>
        </test-method> <!-- closeBrowser -->
      </class> <!-- demoblaze.DemoBlazeProject -->
    </test> <!-- Default test -->
  </suite> <!-- Default suite -->
</testng-results>
