<?xml version="1.0" encoding="UTF-8"?>
<testng-results ignored="0" total="3" passed="3" failed="0" skipped="0">
  <reporter-output>
  </reporter-output>
  <suite started-at="2023-04-18T04:09:28 PDT" name="Suite" finished-at="2023-04-18T04:09:37 PDT" duration-ms="9491">
    <groups>
    </groups>
    <test started-at="2023-04-18T04:09:28 PDT" name="DemoBlaze Test" finished-at="2023-04-18T04:09:37 PDT" duration-ms="9491">
      <class name="demoblaze.DemoBlazeProject">
        <test-method is-config="true" signature="setUp()[pri:0, instance:demoblaze.DemoBlazeProject@479d31f3]" started-at="2023-04-18T04:09:28 PDT" name="setUp" finished-at="2023-04-18T04:09:29 PDT" duration-ms="1160" status="PASS">
          <reporter-output>
          </reporter-output>
        </test-method> <!-- setUp -->
        <test-method signature="testLogin()[pri:1, instance:demoblaze.DemoBlazeProject@479d31f3]" started-at="2023-04-18T04:09:29 PDT" name="testLogin" finished-at="2023-04-18T04:09:32 PDT" duration-ms="2821" status="PASS">
          <reporter-output>
          </reporter-output>
        </test-method> <!-- testLogin -->
        <test-method signature="testAddToCart()[pri:2, instance:demoblaze.DemoBlazeProject@479d31f3]" started-at="2023-04-18T04:09:32 PDT" name="testAddToCart" finished-at="2023-04-18T04:09:34 PDT" duration-ms="2345" status="PASS">
          <reporter-output>
          </reporter-output>
        </test-method> <!-- testAddToCart -->
        <test-method signature="testPlaceOrder()[pri:3, instance:demoblaze.DemoBlazeProject@479d31f3]" started-at="2023-04-18T04:09:34 PDT" name="testPlaceOrder" finished-at="2023-04-18T04:09:37 PDT" duration-ms="3005" status="PASS">
          <reporter-output>
          </reporter-output>
        </test-method> <!-- testPlaceOrder -->
        <test-method is-config="true" signature="closeBrowser()[pri:0, instance:demoblaze.DemoBlazeProject@479d31f3]" started-at="2023-04-18T04:09:37 PDT" name="closeBrowser" finished-at="2023-04-18T04:09:37 PDT" duration-ms="137" status="PASS">
          <reporter-output>
          </reporter-output>
        </test-method> <!-- closeBrowser -->
      </class> <!-- demoblaze.DemoBlazeProject -->
    </test> <!-- DemoBlaze Test -->
  </suite> <!-- Suite -->
</testng-results>
